/*C1*/SET SCHEMA SYSTEM_LOBS
INSERT INTO BLOCKS VALUES(0,2147483647,0)
COMMIT
/*C2*/SET SCHEMA PUBLIC
DROP TABLE FEES IF EXISTS
DROP TABLE MEMBERS IF EXISTS
CREATE TABLE MEMBERS (id INTEGER PRIMARY KEY, lastname varchar(255), firstname varchar(100), points INTEGER, firstYear INTEGER, lastYear INTEGER, active BOOLEAN)
CREATE TABLE FEES (id INTEGER PRIMARY KEY, member INTEGER, year INTEGER, constraint FK_MEMBERS FOREIGN KEY (member) REFERENCES MEMBERS(id))
INSERT INTO MEMBERS VALUES(1,'M\u00fcller','Moritz',1252,2013,0,TRUE)
INSERT INTO MEMBERS VALUES(2,'Schmidt','Alexander',1253,2009,0,TRUE)
INSERT INTO MEMBERS VALUES(3,'Andriessens','Christoph',1050,2010,0,TRUE)
INSERT INTO MEMBERS VALUES(4,'Dr\u00f6gel','Karl',1050,2008,2015,FALSE)
INSERT INTO MEMBERS VALUES(5,'M\u00fcller-L\u00fcdenscheid','Karl',990,2007,0,FALSE)
INSERT INTO FEES VALUES(1,1,2013)
INSERT INTO FEES VALUES(2,1,2014)
INSERT INTO FEES VALUES(3,1,2015)
INSERT INTO FEES VALUES(4,1,2016)
INSERT INTO FEES VALUES(5,2,2009)
INSERT INTO FEES VALUES(6,2,2010)
INSERT INTO FEES VALUES(7,2,2011)
INSERT INTO FEES VALUES(8,2,2012)
INSERT INTO FEES VALUES(9,2,2013)
INSERT INTO FEES VALUES(10,2,2014)
INSERT INTO FEES VALUES(11,2,2015)
INSERT INTO FEES VALUES(12,2,2016)
INSERT INTO FEES VALUES(13,3,2010)
INSERT INTO FEES VALUES(14,3,2011)
INSERT INTO FEES VALUES(15,3,2012)
INSERT INTO FEES VALUES(16,3,2013)
INSERT INTO FEES VALUES(17,3,2014)
INSERT INTO FEES VALUES(18,3,2015)
INSERT INTO FEES VALUES(19,4,2008)
INSERT INTO FEES VALUES(20,4,2009)
INSERT INTO FEES VALUES(21,4,2010)
INSERT INTO FEES VALUES(22,4,2011)
INSERT INTO FEES VALUES(23,4,2012)
INSERT INTO FEES VALUES(24,4,2013)
INSERT INTO FEES VALUES(25,4,2014)
INSERT INTO FEES VALUES(26,5,2007)
INSERT INTO FEES VALUES(27,5,2008)
INSERT INTO FEES VALUES(28,5,2009)
INSERT INTO FEES VALUES(29,5,2010)
INSERT INTO FEES VALUES(30,5,2011)
INSERT INTO FEES VALUES(31,5,2012)
INSERT INTO FEES VALUES(32,5,2013)
INSERT INTO FEES VALUES(33,5,2014)
INSERT INTO FEES VALUES(34,5,2015)
INSERT INTO FEES VALUES(35,5,2016)
COMMIT
DISCONNECT
